<?xml version="1.0" encoding="UTF-8"?>
<!-- Generated by org.testng.reporters.JUnitXMLReporter -->
<testsuite hostname="sree-PC" name="Test-class test 2" tests="1" failures="0" timestamp="30 Nov 2016 18:22:43 GMT" time="0.032" errors="0">
  <testcase name="testMethodOne" time="0.005" classname="practiceScripts.ParallelSuiteTest"/>
</testsuite> <!-- Test-class test 2 -->
