<?xml version="1.0" encoding="UTF-8"?>
<!-- Generated by org.testng.reporters.JUnitReportReporter -->
<testsuite skipped="0" hostname="sree-PC" name="practiceScripts.ParallelSuiteTest" tests="2" failures="0" timestamp="30 Nov 2016 18:22:44 GMT" time="0.012" errors="0">
  <testcase name="testMethodOne" time="0.005" classname="practiceScripts.ParallelSuiteTest"/>
  <testcase name="testMethodOne" time="0.007" classname="practiceScripts.ParallelSuiteTest"/>
</testsuite> <!-- practiceScripts.ParallelSuiteTest -->
